[debug] [2025-05-22T19:33:57.513Z] ----------------------------------------------------------------------
[debug] [2025-05-22T19:33:57.516Z] Command:       C:\Program Files\nodejs\node.exe C:\Users\Yathrip\AppData\Roaming\npm\node_modules\firebase-tools\lib\bin\firebase.js init emulators
[debug] [2025-05-22T19:33:57.516Z] CLI Version:   14.4.0
[debug] [2025-05-22T19:33:57.516Z] Platform:      win32
[debug] [2025-05-22T19:33:57.516Z] Node Version:  v20.11.1
[debug] [2025-05-22T19:33:57.516Z] Time:          Thu May 22 2025 21:33:57 GMT+0200 (GMT+02:00)
[debug] [2025-05-22T19:33:57.517Z] ----------------------------------------------------------------------
[debug] 
[debug] [2025-05-22T19:33:57.748Z] > command requires scopes: ["email","openid","https://www.googleapis.com/auth/cloudplatformprojects.readonly","https://www.googleapis.com/auth/firebase","https://www.googleapis.com/auth/cloud-platform"]
[debug] [2025-05-22T19:33:57.749Z] > authorizing via signed-in user (ah.abdelkawy63@gmail.com)
[info] 
     ######## #### ########  ######## ########     ###     ######  ########
     ##        ##  ##     ## ##       ##     ##  ##   ##  ##       ##
     ######    ##  ########  ######   ########  #########  ######  ######
     ##        ##  ##    ##  ##       ##     ## ##     ##       ## ##
     ##       #### ##     ## ######## ########  ##     ##  ######  ########

You're about to initialize a Firebase project in this directory:

  E:\ITI TASKS\Working on\E-commerce and firebase and angular project\e-commerce

Before we get started, keep in mind:

  * You are initializing within an existing Firebase project directory

[info] 
=== Project Setup
[info] 
[info] First, let's associate this project directory with a Firebase project.
[info] You can create multiple project aliases by running firebase use --add, 
[info] but for now we'll just set up a default project.
[info] 
[debug] [2025-05-22T19:33:57.780Z] Using project from CLI flag: vestraa-3fb71
[debug] [2025-05-22T19:33:57.781Z] Checked if tokens are valid: false, expires at: 1747856541011
[debug] [2025-05-22T19:33:57.781Z] Checked if tokens are valid: false, expires at: 1747856541011
[debug] [2025-05-22T19:33:57.782Z] > refreshing access token with scopes: []
[debug] [2025-05-22T19:33:57.783Z] >>> [apiv2][query] POST https://www.googleapis.com/oauth2/v3/token [none]
[debug] [2025-05-22T19:33:57.783Z] >>> [apiv2][body] POST https://www.googleapis.com/oauth2/v3/token [omitted]
[debug] [2025-05-22T19:33:58.166Z] <<< [apiv2][status] POST https://www.googleapis.com/oauth2/v3/token 200
[debug] [2025-05-22T19:33:58.167Z] <<< [apiv2][body] POST https://www.googleapis.com/oauth2/v3/token [omitted]
[debug] [2025-05-22T19:33:58.183Z] >>> [apiv2][query] GET https://firebase.googleapis.com/v1beta1/projects/vestraa-3fb71 [none]
[debug] [2025-05-22T19:33:58.711Z] <<< [apiv2][status] GET https://firebase.googleapis.com/v1beta1/projects/vestraa-3fb71 200
[debug] [2025-05-22T19:33:58.712Z] <<< [apiv2][body] GET https://firebase.googleapis.com/v1beta1/projects/vestraa-3fb71 {"projectId":"vestraa-3fb71","projectNumber":"476048846041","displayName":"Vestraa","name":"projects/vestraa-3fb71","resources":{"hostingSite":"vestraa-3fb71"},"state":"ACTIVE","etag":"1_d1bf5c2d-64b4-4a35-a916-78498793ad4c"}
[info] i  Using project vestraa-3fb71 (Vestraa) 
[info] 
=== Emulators Setup
